[INFO  - 2019-08-29T02:39:09.778Z] GhostDriver - Main - running on port 57497
[INFO  - 2019-08-29T02:39:10.701Z] Session [2e4be0d0-ca06-11e9-bbd7-f969cc541f58] - page.settings - {"XSSAuditingEnabled":false,"javascriptCanCloseWindows":true,"javascriptCanOpenWindows":true,"javascriptEnabled":true,"loadImages":true,"localToRemoteUrlAccessEnabled":false,"userAgent":"Mozilla/5.0 (Unknown; Linux x86_64) AppleWebKit/538.1 (KHTML, like Gecko) PhantomJS/2.1.1 Safari/538.1","webSecurityEnabled":true}
[INFO  - 2019-08-29T02:39:10.701Z] Session [2e4be0d0-ca06-11e9-bbd7-f969cc541f58] - page.customHeaders:  - {}
[INFO  - 2019-08-29T02:39:10.702Z] Session [2e4be0d0-ca06-11e9-bbd7-f969cc541f58] - Session.negotiatedCapabilities - {"browserName":"phantomjs","version":"2.1.1","driverName":"ghostdriver","driverVersion":"1.2.0","platform":"linux-unknown-64bit","javascriptEnabled":true,"takesScreenshot":true,"handlesAlerts":false,"databaseEnabled":false,"locationContextEnabled":false,"applicationCacheEnabled":false,"browserConnectionEnabled":false,"cssSelectorsEnabled":true,"webStorageEnabled":false,"rotatable":false,"acceptSslCerts":false,"nativeEvents":true,"proxy":{"proxyType":"direct"}}
[INFO  - 2019-08-29T02:39:10.702Z] SessionManagerReqHand - _postNewSessionCommand - New Session Created: 2e4be0d0-ca06-11e9-bbd7-f969cc541f58
[ERROR - 2019-08-29T02:39:15.181Z] Session [2e4be0d0-ca06-11e9-bbd7-f969cc541f58] - page.onError - msg: TypeError: undefined is not a function (evaluating 'jQuery688671')

  phantomjs://platform/console++.js:263 in error
[ERROR - 2019-08-29T02:39:15.181Z] Session [2e4be0d0-ca06-11e9-bbd7-f969cc541f58] - page.onError - stack:
  global code (https://lapi.jd.com/locate?callback=jQuery688671&source=public&_=1567046351647:1)

  phantomjs://platform/console++.js:263 in error
[ERROR - 2019-08-29T02:43:58.649Z] WebElementLocator - _handleLocateCommand - Element(s) NOT Found: GAVE UP. Search Stop Time: 1567046638603

  phantomjs://platform/console++.js:263 in error
[ERROR - 2019-08-29T02:43:59.707Z] WebElementLocator - _handleLocateCommand - Element(s) NOT Found: GAVE UP. Search Stop Time: 1567046639665

  phantomjs://platform/console++.js:263 in error
[ERROR - 2019-08-29T02:44:00.648Z] WebElementLocator - _handleLocateCommand - Element(s) NOT Found: GAVE UP. Search Stop Time: 1567046640608

  phantomjs://platform/console++.js:263 in error
[ERROR - 2019-08-29T02:44:01.481Z] WebElementLocator - _handleLocateCommand - Element(s) NOT Found: GAVE UP. Search Stop Time: 1567046641427

  phantomjs://platform/console++.js:263 in error
[ERROR - 2019-08-29T02:44:02.312Z] WebElementLocator - _handleLocateCommand - Element(s) NOT Found: GAVE UP. Search Stop Time: 1567046642271

  phantomjs://platform/console++.js:263 in error
